[debug] [2021-04-10T18:14:55.023Z] ----------------------------------------------------------------------
[debug] [2021-04-10T18:14:55.025Z] Command:       C:\Program Files\nodejs\node.exe C:\Users\Sunisa\AppData\Roaming\npm\node_modules\firebase-tools\lib\bin\firebase.js init
[debug] [2021-04-10T18:14:55.025Z] CLI Version:   9.6.1
[debug] [2021-04-10T18:14:55.025Z] Platform:      win32
[debug] [2021-04-10T18:14:55.025Z] Node Version:  v14.15.1
[debug] [2021-04-10T18:14:55.026Z] Time:          Sun Apr 11 2021 01:14:55 GMT+0700 (เวลาอินโดจีน)
[debug] [2021-04-10T18:14:55.027Z] ----------------------------------------------------------------------
[debug] [2021-04-10T18:14:55.027Z] 
[debug] [2021-04-10T18:14:55.029Z] >>> [apiv2][query] GET https://firebase-public.firebaseio.com/cli.json [none]
[debug] [2021-04-10T18:14:55.050Z] > command requires scopes: ["email","openid","https://www.googleapis.com/auth/cloudplatformprojects.readonly","https://www.googleapis.com/auth/firebase","https://www.googleapis.com/auth/cloud-platform"]
[debug] [2021-04-10T18:14:55.050Z] > authorizing via signed-in user
[info] 
     ######## #### ########  ######## ########     ###     ######  ########
     ##        ##  ##     ## ##       ##     ##  ##   ##  ##       ##
     ######    ##  ########  ######   ########  #########  ######  ######
     ##        ##  ##    ##  ##       ##     ## ##     ##       ## ##
     ##       #### ##     ## ######## ########  ##     ##  ######  ########

You're about to initialize a Firebase project in this directory:

  C:\Users\Sunisa\Documents\GitHub\my-reduction-plastic

[debug] [2021-04-10T18:14:55.843Z] <<< [apiv2][status] GET https://firebase-public.firebaseio.com/cli.json 200
[debug] [2021-04-10T18:14:55.843Z] <<< [apiv2][body] GET https://firebase-public.firebaseio.com/cli.json {"cloudBuildErrorAfter":1594252800000,"cloudBuildWarnAfter":1590019200000,"defaultNode10After":1594252800000,"minVersion":"3.0.5","node8DeploysDisabledAfter":1613390400000,"node8RuntimeDisabledAfter":1615809600000,"node8WarnAfter":1600128000000}
[info] 
=== Project Setup
[info] 
[info] First, let's associate this project directory with a Firebase project.
[info] You can create multiple project aliases by running firebase use --add, 
[info] but for now we'll just set up a default project.
[info] 
[debug] [2021-04-10T18:21:09.686Z] > refreshing access token with scopes: []
[debug] [2021-04-10T18:21:09.687Z] >>> HTTP REQUEST POST https://www.googleapis.com/oauth2/v3/token  
 <request body omitted>
[debug] [2021-04-10T18:21:09.899Z] <<< HTTP RESPONSE 200 {"cache-control":"no-cache, no-store, max-age=0, must-revalidate","date":"Sat, 10 Apr 2021 18:21:11 GMT","pragma":"no-cache","expires":"Mon, 01 Jan 1990 00:00:00 GMT","content-type":"application/json; charset=utf-8","vary":"X-Origin, Referer, Origin,Accept-Encoding","server":"scaffolding on HTTPServer2","x-xss-protection":"0","x-frame-options":"SAMEORIGIN","x-content-type-options":"nosniff","alt-svc":"h3-29=\":443\"; ma=2592000,h3-T051=\":443\"; ma=2592000,h3-Q050=\":443\"; ma=2592000,h3-Q046=\":443\"; ma=2592000,h3-Q043=\":443\"; ma=2592000,quic=\":443\"; ma=2592000; v=\"46,43\"","accept-ranges":"none","transfer-encoding":"chunked"}
[debug] [2021-04-10T18:21:09.905Z] >>> [apiv2][query] GET https://firebase.googleapis.com/v1beta1/projects pageSize=100
[debug] [2021-04-10T18:21:10.399Z] <<< [apiv2][status] GET https://firebase.googleapis.com/v1beta1/projects 200
[debug] [2021-04-10T18:21:10.399Z] <<< [apiv2][body] GET https://firebase.googleapis.com/v1beta1/projects [omitted]
[debug] [2021-04-10T18:23:40.594Z] ----------------------------------------------------------------------
[debug] [2021-04-10T18:23:40.596Z] Command:       C:\Program Files\nodejs\node.exe C:\Users\Sunisa\AppData\Roaming\npm\node_modules\firebase-tools\lib\bin\firebase.js init
[debug] [2021-04-10T18:23:40.596Z] CLI Version:   9.6.1
[debug] [2021-04-10T18:23:40.597Z] Platform:      win32
[debug] [2021-04-10T18:23:40.597Z] Node Version:  v14.15.1
[debug] [2021-04-10T18:23:40.598Z] Time:          Sun Apr 11 2021 01:23:40 GMT+0700 (เวลาอินโดจีน)
[debug] [2021-04-10T18:23:40.598Z] ----------------------------------------------------------------------
[debug] [2021-04-10T18:23:40.598Z] 
[debug] [2021-04-10T18:23:40.603Z] > command requires scopes: ["email","openid","https://www.googleapis.com/auth/cloudplatformprojects.readonly","https://www.googleapis.com/auth/firebase","https://www.googleapis.com/auth/cloud-platform"]
[debug] [2021-04-10T18:23:40.604Z] > authorizing via signed-in user
[info] 
     ######## #### ########  ######## ########     ###     ######  ########
     ##        ##  ##     ## ##       ##     ##  ##   ##  ##       ##
     ######    ##  ########  ######   ########  #########  ######  ######
     ##        ##  ##    ##  ##       ##     ## ##     ##       ## ##
     ##       #### ##     ## ######## ########  ##     ##  ######  ########

You're about to initialize a Firebase project in this directory:

  C:\Users\Sunisa\Documents\GitHub\my-reduction-plastic

[info] 
=== Project Setup
[info] 
[info] First, let's associate this project directory with a Firebase project.
[info] You can create multiple project aliases by running firebase use --add, 
[info] but for now we'll just set up a default project.
[info] 
[debug] [2021-04-10T18:24:10.648Z] >>> [apiv2][query] GET https://firebase.googleapis.com/v1beta1/availableProjects pageSize=100
[debug] [2021-04-10T18:24:11.726Z] <<< [apiv2][status] GET https://firebase.googleapis.com/v1beta1/availableProjects 200
[debug] [2021-04-10T18:24:11.726Z] <<< [apiv2][body] GET https://firebase.googleapis.com/v1beta1/availableProjects [omitted]
[debug] [2021-04-10T18:24:34.503Z] ----------------------------------------------------------------------
[debug] [2021-04-10T18:24:34.507Z] Command:       C:\Program Files\nodejs\node.exe C:\Users\Sunisa\AppData\Roaming\npm\node_modules\firebase-tools\lib\bin\firebase.js init
[debug] [2021-04-10T18:24:34.507Z] CLI Version:   9.6.1
[debug] [2021-04-10T18:24:34.508Z] Platform:      win32
[debug] [2021-04-10T18:24:34.508Z] Node Version:  v14.15.1
[debug] [2021-04-10T18:24:34.510Z] Time:          Sun Apr 11 2021 01:24:34 GMT+0700 (เวลาอินโดจีน)
[debug] [2021-04-10T18:24:34.510Z] ----------------------------------------------------------------------
[debug] [2021-04-10T18:24:34.510Z] 
[debug] [2021-04-10T18:24:34.516Z] > command requires scopes: ["email","openid","https://www.googleapis.com/auth/cloudplatformprojects.readonly","https://www.googleapis.com/auth/firebase","https://www.googleapis.com/auth/cloud-platform"]
[debug] [2021-04-10T18:24:34.516Z] > authorizing via signed-in user
[info] 
     ######## #### ########  ######## ########     ###     ######  ########
     ##        ##  ##     ## ##       ##     ##  ##   ##  ##       ##
     ######    ##  ########  ######   ########  #########  ######  ######
     ##        ##  ##    ##  ##       ##     ## ##     ##       ## ##
     ##       #### ##     ## ######## ########  ##     ##  ######  ########

You're about to initialize a Firebase project in this directory:

  C:\Users\Sunisa\Documents\GitHub\my-reduction-plastic

[info] 
=== Project Setup
[info] 
[info] First, let's associate this project directory with a Firebase project.
[info] You can create multiple project aliases by running firebase use --add, 
[info] but for now we'll just set up a default project.
[info] 
[debug] [2021-04-10T18:24:53.561Z] >>> [apiv2][query] GET https://firebase.googleapis.com/v1beta1/projects pageSize=100
[debug] [2021-04-10T18:24:54.027Z] <<< [apiv2][status] GET https://firebase.googleapis.com/v1beta1/projects 200
[debug] [2021-04-10T18:24:54.027Z] <<< [apiv2][body] GET https://firebase.googleapis.com/v1beta1/projects [omitted]
[debug] [2021-04-10T18:26:51.158Z] ----------------------------------------------------------------------
[debug] [2021-04-10T18:26:51.162Z] Command:       C:\Program Files\nodejs\node.exe C:\Users\Sunisa\AppData\Roaming\npm\node_modules\firebase-tools\lib\bin\firebase.js init
[debug] [2021-04-10T18:26:51.162Z] CLI Version:   9.6.1
[debug] [2021-04-10T18:26:51.162Z] Platform:      win32
[debug] [2021-04-10T18:26:51.162Z] Node Version:  v14.15.1
[debug] [2021-04-10T18:26:51.163Z] Time:          Sun Apr 11 2021 01:26:51 GMT+0700 (เวลาอินโดจีน)
[debug] [2021-04-10T18:26:51.164Z] ----------------------------------------------------------------------
[debug] [2021-04-10T18:26:51.164Z] 
[debug] [2021-04-10T18:26:51.169Z] > command requires scopes: ["email","openid","https://www.googleapis.com/auth/cloudplatformprojects.readonly","https://www.googleapis.com/auth/firebase","https://www.googleapis.com/auth/cloud-platform"]
[debug] [2021-04-10T18:26:51.170Z] > authorizing via signed-in user
[info] 
     ######## #### ########  ######## ########     ###     ######  ########
     ##        ##  ##     ## ##       ##     ##  ##   ##  ##       ##
     ######    ##  ########  ######   ########  #########  ######  ######
     ##        ##  ##    ##  ##       ##     ## ##     ##       ## ##
     ##       #### ##     ## ######## ########  ##     ##  ######  ########

You're about to initialize a Firebase project in this directory:

  C:\Users\Sunisa\Documents\GitHub\my-reduction-plastic

[info] 
=== Project Setup
[info] 
[info] First, let's associate this project directory with a Firebase project.
[info] You can create multiple project aliases by running firebase use --add, 
[info] but for now we'll just set up a default project.
[info] 
[debug] [2021-04-10T18:27:16.038Z] >>> [apiv2][query] GET https://firebase.googleapis.com/v1beta1/projects pageSize=100
[debug] [2021-04-10T18:27:16.531Z] <<< [apiv2][status] GET https://firebase.googleapis.com/v1beta1/projects 200
[debug] [2021-04-10T18:27:16.531Z] <<< [apiv2][body] GET https://firebase.googleapis.com/v1beta1/projects [omitted]
